# open("/etc/services", 0) = 3
# read("/etc/services", "0xbac8840", 8192) = 8192
# fwrite_unlocked(0xbac8840, 1, 8192, "<STDOUT>") = 8192
# read("/etc/services", "0xbac8840", 8192) = 8192
# fwrite_unlocked(0xbac8840, 1, 8192, "<STDOUT>") = 8192
# read("/etc/services", "0xbac8840", 8192) = 8192
# fwrite_unlocked(0xbac8840, 1, 8192, "<STDOUT>") = 8192
# read("/etc/services", "0xbac8840", 8192) = 8192
# fwrite_unlocked(0xbac8840, 1, 8192, "<STDOUT>") = 8192
# read("/etc/services", "0xbac8840", 8192) = 8192
# fwrite_unlocked(0xbac8840, 1, 8192, "<STDOUT>") = 8192
# read("/etc/services", "0xbac8840", 8192) = 8192
# fwrite_unlocked(0xbac8840, 1, 8192, "<STDOUT>") = 8192
# read("/etc/services", "0xbac8840", 8192) = 8192
# fwrite_unlocked(0xbac8840, 1, 7448, "<STDOUT>") = 7448
# close("/etc/services") = 0
# fflush("<STDOUT>") = 0
# fclose("<STDOUT>") = 0
# fflush("<STDERR>") = 0
# fclose("<STDERR>") = 0
